<?xml version="1.0" encoding="UTF-8"?>
<!-- Generated by org.testng.reporters.JUnitXMLReporter -->
<testsuite hostname="Kevins-MacBook-Pro.local" name="M3 API Tests" tests="20" failures="0" timestamp="2 Nov 2016 18:55:05 GMT" time="9.468" errors="0">
  <testcase name="getOneAttribute" time="2.029" classname="com.phunware.m3.api.tests.Attributes"/>
  <testcase name="getAllAttributes" time="0.896" classname="com.phunware.m3.api.tests.Attributes"/>
  <testcase name="enableOneAttribute" time="0.205" classname="com.phunware.m3.api.tests.Attributes"/>
  <testcase name="disableOneAttribute" time="0.184" classname="com.phunware.m3.api.tests.Attributes"/>
  <testcase name="postOneAttribute" time="0.145" classname="com.phunware.m3.api.tests.Attributes"/>
  <testcase name="addOneValueToAttribute" time="0.295" classname="com.phunware.m3.api.tests.Attributes"/>
  <testcase name="addMultipleValuesToAttribute" time="0.255" classname="com.phunware.m3.api.tests.Attributes"/>
  <testcase name="getOneBeaconBy_ID" time="0.918" classname="com.phunware.m3.api.tests.Beacons"/>
  <testcase name="getBeaconBy_UUID" time="0.343" classname="com.phunware.m3.api.tests.Beacons"/>
  <testcase name="getBeaconBy_UUID_Major" time="0.321" classname="com.phunware.m3.api.tests.Beacons"/>
  <testcase name="getBeaconBy_UUID_Major_Minor" time="0.318" classname="com.phunware.m3.api.tests.Beacons"/>
  <testcase name="getBeaconBy_UUID_Tags" time="0.342" classname="com.phunware.m3.api.tests.Beacons"/>
  <testcase name="getBeaconsBy_UUIDAlias" time="0.347" classname="com.phunware.m3.api.tests.Beacons"/>
  <testcase name="getBeaconsBy_Tags" time="0.33" classname="com.phunware.m3.api.tests.Beacons"/>
  <testcase name="getBeaconWith_Tags" time="0.322" classname="com.phunware.m3.api.tests.Beacons"/>
  <testcase name="getOneProfile" time="0.186" classname="com.phunware.m3.api.tests.Profiles"/>
  <testcase name="getAllProfiles" time="1.426" classname="com.phunware.m3.api.tests.Profiles"/>
  <testcase name="createOneProfile" time="0.15" classname="com.phunware.m3.api.tests.Profiles"/>
  <testcase name="disableOneProfile" time="0.171" classname="com.phunware.m3.api.tests.Profiles"/>
  <testcase name="enableOneProfile" time="0.164" classname="com.phunware.m3.api.tests.Profiles"/>
</testsuite> <!-- M3 API Tests -->
