<?xml version="1.0" encoding="UTF-8"?>
<!-- Generated by org.testng.reporters.JUnitXMLReporter -->
<testsuite hostname="Vinays-MacBook-Pro.local" name="M3 API Tests" tests="20" failures="1" timestamp="25 Apr 2017 03:41:10 GMT" time="13.372" errors="0">
  <testcase name="getOneAttribute" time="2.929" classname="com.phunware.m3.api.tests.Attributes_old"/>
  <testcase name="getAllAttributes" time="1.311" classname="com.phunware.m3.api.tests.Attributes_old"/>
  <testcase name="enableOneAttribute" time="0.531" classname="com.phunware.m3.api.tests.Attributes_old"/>
  <testcase name="disableOneAttribute" time="0.473" classname="com.phunware.m3.api.tests.Attributes_old"/>
  <testcase name="postOneAttribute" time="0.477" classname="com.phunware.m3.api.tests.Attributes_old">
    <failure type="java.lang.AssertionError" message="
Expected: a string containing &amp;quot;Duplicate entry&amp;quot;
     but: was &amp;quot;requirement failed: attribute with the name provided already exists&amp;quot;">
      <![CDATA[java.lang.AssertionError: 
Expected: a string containing "Duplicate entry"
     but: was "requirement failed: attribute with the name provided already exists"
	at org.hamcrest.MatcherAssert.assertThat(MatcherAssert.java:20)
	at org.hamcrest.MatcherAssert.assertThat(MatcherAssert.java:8)
	at com.phunware.m3.api.tests.Attributes_old.postOneAttribute(Attributes.java:197)
	at com.intellij.rt.execution.application.AppMain.main(AppMain.java:144)
... Removed 27 stack frames]]>
    </failure>
  </testcase> <!-- postOneAttribute -->
  <testcase name="addOneValueToAttribute" time="0.524" classname="com.phunware.m3.api.tests.Attributes_old"/>
  <testcase name="addMultipleValuesToAttribute" time="0.258" classname="com.phunware.m3.api.tests.Attributes_old"/>
  <testcase name="getOneBeaconBy_ID" time="0.85" classname="com.phunware.m3.api.tests.Beacons_old"/>
  <testcase name="getBeaconBy_UUID" time="0.474" classname="com.phunware.m3.api.tests.Beacons_old"/>
  <testcase name="getBeaconBy_UUID_Major" time="0.453" classname="com.phunware.m3.api.tests.Beacons_old"/>
  <testcase name="getBeaconBy_UUID_Major_Minor" time="0.445" classname="com.phunware.m3.api.tests.Beacons_old"/>
  <testcase name="getBeaconBy_UUID_Tags" time="0.433" classname="com.phunware.m3.api.tests.Beacons_old"/>
  <testcase name="getBeaconsBy_UUIDAlias" time="0.442" classname="com.phunware.m3.api.tests.Beacons_old"/>
  <testcase name="getBeaconsBy_Tags" time="0.444" classname="com.phunware.m3.api.tests.Beacons_old"/>
  <testcase name="getBeaconWith_Tags" time="0.424" classname="com.phunware.m3.api.tests.Beacons_old"/>
  <testcase name="getOneProfile" time="0.24" classname="com.phunware.m3.api.tests.Profiles_old"/>
  <testcase name="getAllProfiles" time="1.594" classname="com.phunware.m3.api.tests.Profiles_old"/>
  <testcase name="createOneProfile" time="0.2" classname="com.phunware.m3.api.tests.Profiles_old"/>
  <testcase name="disableOneProfile" time="0.531" classname="com.phunware.m3.api.tests.Profiles_old"/>
  <testcase name="enableOneProfile" time="0.198" classname="com.phunware.m3.api.tests.Profiles_old"/>
</testsuite> <!-- M3 API Tests -->
