<?xml version="1.0" encoding="UTF-8"?>
<testng-results skipped="0" failed="0" total="20" passed="20">
  <reporter-output>
  </reporter-output>
  <suite name="M3 API TEST SUITE" duration-ms="9468" started-at="2016-11-02T18:54:56Z" finished-at="2016-11-02T18:55:05Z">
    <groups>
    </groups>
    <test name="M3 API Tests" duration-ms="9468" started-at="2016-11-02T18:54:56Z" finished-at="2016-11-02T18:55:05Z">
      <class name="com.phunware.m3.api.tests.Beacons">
        <test-method status="PASS" signature="getOneBeaconBy_ID()[pri:1, instance:com.phunware.m3.api.tests.Beacons@6bdf28bb]" name="getOneBeaconBy_ID" duration-ms="918" started-at="2016-11-02T13:55:00Z" finished-at="2016-11-02T13:55:01Z">
          <reporter-output>
          </reporter-output>
        </test-method> <!-- getOneBeaconBy_ID -->
        <test-method status="PASS" signature="getBeaconBy_UUID()[pri:2, instance:com.phunware.m3.api.tests.Beacons@6bdf28bb]" name="getBeaconBy_UUID" duration-ms="343" started-at="2016-11-02T13:55:01Z" finished-at="2016-11-02T13:55:01Z">
          <reporter-output>
          </reporter-output>
        </test-method> <!-- getBeaconBy_UUID -->
        <test-method status="PASS" signature="getBeaconBy_UUID_Major()[pri:3, instance:com.phunware.m3.api.tests.Beacons@6bdf28bb]" name="getBeaconBy_UUID_Major" duration-ms="321" started-at="2016-11-02T13:55:01Z" finished-at="2016-11-02T13:55:02Z">
          <reporter-output>
          </reporter-output>
        </test-method> <!-- getBeaconBy_UUID_Major -->
        <test-method status="PASS" signature="getBeaconBy_UUID_Major_Minor()[pri:4, instance:com.phunware.m3.api.tests.Beacons@6bdf28bb]" name="getBeaconBy_UUID_Major_Minor" duration-ms="318" started-at="2016-11-02T13:55:02Z" finished-at="2016-11-02T13:55:02Z">
          <reporter-output>
          </reporter-output>
        </test-method> <!-- getBeaconBy_UUID_Major_Minor -->
        <test-method status="PASS" signature="getBeaconBy_UUID_Tags()[pri:5, instance:com.phunware.m3.api.tests.Beacons@6bdf28bb]" name="getBeaconBy_UUID_Tags" duration-ms="342" started-at="2016-11-02T13:55:02Z" finished-at="2016-11-02T13:55:02Z">
          <reporter-output>
          </reporter-output>
        </test-method> <!-- getBeaconBy_UUID_Tags -->
        <test-method status="PASS" signature="getBeaconsBy_UUIDAlias()[pri:6, instance:com.phunware.m3.api.tests.Beacons@6bdf28bb]" name="getBeaconsBy_UUIDAlias" duration-ms="347" started-at="2016-11-02T13:55:02Z" finished-at="2016-11-02T13:55:03Z">
          <reporter-output>
          </reporter-output>
        </test-method> <!-- getBeaconsBy_UUIDAlias -->
        <test-method status="PASS" signature="getBeaconsBy_Tags()[pri:7, instance:com.phunware.m3.api.tests.Beacons@6bdf28bb]" name="getBeaconsBy_Tags" duration-ms="330" started-at="2016-11-02T13:55:03Z" finished-at="2016-11-02T13:55:03Z">
          <reporter-output>
          </reporter-output>
        </test-method> <!-- getBeaconsBy_Tags -->
        <test-method status="PASS" signature="getBeaconWith_Tags()[pri:8, instance:com.phunware.m3.api.tests.Beacons@6bdf28bb]" name="getBeaconWith_Tags" duration-ms="322" started-at="2016-11-02T13:55:03Z" finished-at="2016-11-02T13:55:03Z">
          <reporter-output>
          </reporter-output>
        </test-method> <!-- getBeaconWith_Tags -->
      </class> <!-- com.phunware.m3.api.tests.Beacons -->
      <class name="com.phunware.m3.api.tests.Attributes">
        <test-method status="PASS" signature="instantiateEnvironment()[pri:0, instance:com.phunware.m3.api.tests.Attributes@2d209079]" name="instantiateEnvironment" is-config="true" duration-ms="100" started-at="2016-11-02T13:54:56Z" finished-at="2016-11-02T13:54:56Z">
          <reporter-output>
          </reporter-output>
        </test-method> <!-- instantiateEnvironment -->
        <test-method status="PASS" signature="instantiateEnvironment()[pri:0, instance:com.phunware.m3.api.tests.Beacons@6bdf28bb]" name="instantiateEnvironment" is-config="true" duration-ms="1" started-at="2016-11-02T13:54:56Z" finished-at="2016-11-02T13:54:56Z">
          <reporter-output>
          </reporter-output>
        </test-method> <!-- instantiateEnvironment -->
        <test-method status="PASS" signature="instantiateEnvironment()[pri:0, instance:com.phunware.m3.api.tests.Profiles@6b71769e]" name="instantiateEnvironment" is-config="true" duration-ms="1" started-at="2016-11-02T13:54:56Z" finished-at="2016-11-02T13:54:56Z">
          <reporter-output>
          </reporter-output>
        </test-method> <!-- instantiateEnvironment -->
        <test-method status="PASS" signature="getOneAttribute()[pri:1, instance:com.phunware.m3.api.tests.Attributes@2d209079]" name="getOneAttribute" duration-ms="2029" started-at="2016-11-02T13:54:56Z" finished-at="2016-11-02T13:54:58Z">
          <reporter-output>
          </reporter-output>
        </test-method> <!-- getOneAttribute -->
        <test-method status="PASS" signature="getAllAttributes()[pri:2, instance:com.phunware.m3.api.tests.Attributes@2d209079]" name="getAllAttributes" duration-ms="896" started-at="2016-11-02T13:54:58Z" finished-at="2016-11-02T13:54:59Z">
          <reporter-output>
          </reporter-output>
        </test-method> <!-- getAllAttributes -->
        <test-method status="PASS" signature="enableOneAttribute()[pri:3, instance:com.phunware.m3.api.tests.Attributes@2d209079]" name="enableOneAttribute" duration-ms="205" started-at="2016-11-02T13:54:59Z" finished-at="2016-11-02T13:54:59Z">
          <reporter-output>
          </reporter-output>
        </test-method> <!-- enableOneAttribute -->
        <test-method status="PASS" signature="disableOneAttribute()[pri:4, instance:com.phunware.m3.api.tests.Attributes@2d209079]" name="disableOneAttribute" duration-ms="184" started-at="2016-11-02T13:54:59Z" finished-at="2016-11-02T13:54:59Z">
          <reporter-output>
          </reporter-output>
        </test-method> <!-- disableOneAttribute -->
        <test-method status="PASS" signature="postOneAttribute()[pri:5, instance:com.phunware.m3.api.tests.Attributes@2d209079]" name="postOneAttribute" duration-ms="145" started-at="2016-11-02T13:54:59Z" finished-at="2016-11-02T13:54:59Z">
          <reporter-output>
          </reporter-output>
        </test-method> <!-- postOneAttribute -->
        <test-method status="PASS" signature="addOneValueToAttribute()[pri:6, instance:com.phunware.m3.api.tests.Attributes@2d209079]" name="addOneValueToAttribute" duration-ms="295" started-at="2016-11-02T13:54:59Z" finished-at="2016-11-02T13:55:00Z">
          <reporter-output>
          </reporter-output>
        </test-method> <!-- addOneValueToAttribute -->
        <test-method status="PASS" signature="addMultipleValuesToAttribute()[pri:7, instance:com.phunware.m3.api.tests.Attributes@2d209079]" name="addMultipleValuesToAttribute" duration-ms="255" started-at="2016-11-02T13:55:00Z" finished-at="2016-11-02T13:55:00Z">
          <reporter-output>
          </reporter-output>
        </test-method> <!-- addMultipleValuesToAttribute -->
      </class> <!-- com.phunware.m3.api.tests.Attributes -->
      <class name="com.phunware.m3.api.tests.Profiles">
        <test-method status="PASS" signature="getOneProfile()[pri:1, instance:com.phunware.m3.api.tests.Profiles@6b71769e]" name="getOneProfile" duration-ms="186" started-at="2016-11-02T13:55:03Z" finished-at="2016-11-02T13:55:03Z">
          <reporter-output>
          </reporter-output>
        </test-method> <!-- getOneProfile -->
        <test-method status="PASS" signature="getAllProfiles()[pri:2, instance:com.phunware.m3.api.tests.Profiles@6b71769e]" name="getAllProfiles" duration-ms="1426" started-at="2016-11-02T13:55:03Z" finished-at="2016-11-02T13:55:05Z">
          <reporter-output>
          </reporter-output>
        </test-method> <!-- getAllProfiles -->
        <test-method status="PASS" signature="createOneProfile()[pri:3, instance:com.phunware.m3.api.tests.Profiles@6b71769e]" name="createOneProfile" duration-ms="150" started-at="2016-11-02T13:55:05Z" finished-at="2016-11-02T13:55:05Z">
          <reporter-output>
          </reporter-output>
        </test-method> <!-- createOneProfile -->
        <test-method status="PASS" signature="disableOneProfile()[pri:4, instance:com.phunware.m3.api.tests.Profiles@6b71769e]" name="disableOneProfile" duration-ms="171" started-at="2016-11-02T13:55:05Z" finished-at="2016-11-02T13:55:05Z">
          <reporter-output>
          </reporter-output>
        </test-method> <!-- disableOneProfile -->
        <test-method status="PASS" signature="enableOneProfile()[pri:5, instance:com.phunware.m3.api.tests.Profiles@6b71769e]" name="enableOneProfile" duration-ms="164" started-at="2016-11-02T13:55:05Z" finished-at="2016-11-02T13:55:05Z">
          <reporter-output>
          </reporter-output>
        </test-method> <!-- enableOneProfile -->
      </class> <!-- com.phunware.m3.api.tests.Profiles -->
    </test> <!-- M3 API Tests -->
  </suite> <!-- M3 API TEST SUITE -->
</testng-results>
